<?xml version="1.0" encoding="UTF-8" standalone="no"?>
<testsuite errors="0" failures="1" name="io.cucumber.core.plugin.JUnitFormatter" skipped="0" tests="4" time="124.277">
    <testcase classname="US1003 Kullanici parametre olarak girilen degerleri aratir" name="TC04 Kullanici Parametreli method ile Java aratir" time="38.204">
        <system-out>
            <![CDATA[Given kullanici amazon anasayfaya gider.....................................passed
Then amazon arama kutusuna "Java" yazip aratir..............................passed
And arama sonuclarinin "Java" icerdigini test eder..........................passed
And 5 saniye bekler.........................................................passed
And sayfayi kapatir.........................................................passed
]]>
        </system-out>
    </testcase>
    <testcase classname="US1005 Kullanici bastaki ortak adimlar icin Background kullanir" name="TC03 Kullanici Parametreli method ile Nutella aratir" time="26.04">
        <system-out>
            <![CDATA[Given kullanici amazon anasayfaya gider.....................................passed
Then amazon arama kutusuna "Nutella" yazip aratir...........................passed
And arama sonuclarinin "Nutella" icerdigini test eder.......................passed
And sayfayi kapatir.........................................................passed
]]>
        </system-out>
    </testcase>
    <testcase classname="US1005 Kullanici bastaki ortak adimlar icin Background kullanir" name="TC04 Kullanici Parametreli method ile Java aratir" time="24.621">
        <system-out>
            <![CDATA[Given kullanici amazon anasayfaya gider.....................................passed
Then amazon arama kutusuna "Java" yazip aratir..............................passed
And arama sonuclarinin "Java" icerdigini test eder..........................passed
And sayfayi kapatir.........................................................passed
]]>
        </system-out>
    </testcase>
    <testcase classname="US1005 Kullanici bastaki ortak adimlar icin Background kullanir" name="TC05 Kullanici Parametreli method ile Samsung aratir" time="35.012">
        <failure message="no such element: Unable to locate element: {&quot;method&quot;:&quot;css selector&quot;,&quot;selector&quot;:&quot;#twotabsearchtextbox&quot;}&#10;  (Session info: chrome=109.0.5414.74)&#10;For documentation on this error, please visit: https://selenium.dev/exceptions/#no_such_element&#10;Build info: version: '4.5.3', revision: '4b786a1e430'&#10;System info: os.name: 'Windows 11', os.arch: 'amd64', os.version: '10.0', java.version: '11.0.16.1'&#10;Driver info: org.openqa.selenium.chrome.ChromeDriver&#10;Command: [c659d5fe74d04312ecbc11632c8717e9, findElement {using=id, value=twotabsearchtextbox}]&#10;Capabilities {acceptInsecureCerts: false, browserName: chrome, browserVersion: 109.0.5414.74, chrome: {chromedriverVersion: 109.0.5414.74 (e7c5703604da..., userDataDir: C:\Users\emrah\AppData\Loca...}, goog:chromeOptions: {debuggerAddress: localhost:53147}, networkConnectionEnabled: false, pageLoadStrategy: normal, platformName: WINDOWS, proxy: Proxy(), se:cdp: ws://localhost:53147/devtoo..., se:cdpVersion: 109.0.5414.74, setWindowRect: true, strictFileInteractability: false, timeouts: {implicit: 0, pageLoad: 300000, script: 30000}, unhandledPromptBehavior: dismiss and notify, webauthn:extension:credBlob: true, webauthn:extension:largeBlob: true, webauthn:virtualAuthenticators: true}&#10;Session ID: c659d5fe74d04312ecbc11632c8717e9" type="org.openqa.selenium.NoSuchElementException">
            <![CDATA[Given kullanici amazon anasayfaya gider.....................................passed
Then amazon arama kutusuna "Samsung" yazip aratir...........................failed
And arama sonuclarinin "Samsung" icerdigini test eder.......................skipped
And sayfayi kapatir.........................................................skipped

StackTrace:
org.openqa.selenium.NoSuchElementException: no such element: Unable to locate element: {"method":"css selector","selector":"#twotabsearchtextbox"}
  (Session info: chrome=109.0.5414.74)
For documentation on this error, please visit: https://selenium.dev/exceptions/#no_such_element
Build info: version: '4.5.3', revision: '4b786a1e430'
System info: os.name: 'Windows 11', os.arch: 'amd64', os.version: '10.0', java.version: '11.0.16.1'
Driver info: org.openqa.selenium.chrome.ChromeDriver
Command: [c659d5fe74d04312ecbc11632c8717e9, findElement {using=id, value=twotabsearchtextbox}]
Capabilities {acceptInsecureCerts: false, browserName: chrome, browserVersion: 109.0.5414.74, chrome: {chromedriverVersion: 109.0.5414.74 (e7c5703604da..., userDataDir: C:\Users\emrah\AppData\Loca...}, goog:chromeOptions: {debuggerAddress: localhost:53147}, networkConnectionEnabled: false, pageLoadStrategy: normal, platformName: WINDOWS, proxy: Proxy(), se:cdp: ws://localhost:53147/devtoo..., se:cdpVersion: 109.0.5414.74, setWindowRect: true, strictFileInteractability: false, timeouts: {implicit: 0, pageLoad: 300000, script: 30000}, unhandledPromptBehavior: dismiss and notify, webauthn:extension:credBlob: true, webauthn:extension:largeBlob: true, webauthn:virtualAuthenticators: true}
Session ID: c659d5fe74d04312ecbc11632c8717e9
	at java.base/jdk.internal.reflect.NativeConstructorAccessorImpl.newInstance0(Native Method)
	at java.base/jdk.internal.reflect.NativeConstructorAccessorImpl.newInstance(NativeConstructorAccessorImpl.java:62)
	at java.base/jdk.internal.reflect.DelegatingConstructorAccessorImpl.newInstance(DelegatingConstructorAccessorImpl.java:45)
	at java.base/java.lang.reflect.Constructor.newInstance(Constructor.java:490)
	at org.openqa.selenium.remote.codec.w3c.W3CHttpResponseCodec.createException(W3CHttpResponseCodec.java:200)
	at org.openqa.selenium.remote.codec.w3c.W3CHttpResponseCodec.decode(W3CHttpResponseCodec.java:133)
	at org.openqa.selenium.remote.codec.w3c.W3CHttpResponseCodec.decode(W3CHttpResponseCodec.java:53)
	at org.openqa.selenium.remote.HttpCommandExecutor.execute(HttpCommandExecutor.java:184)
	at org.openqa.selenium.remote.service.DriverCommandExecutor.invokeExecute(DriverCommandExecutor.java:167)
	at org.openqa.selenium.remote.service.DriverCommandExecutor.execute(DriverCommandExecutor.java:142)
	at org.openqa.selenium.remote.RemoteWebDriver.execute(RemoteWebDriver.java:541)
	at org.openqa.selenium.remote.ElementLocation$ElementFinder$2.findElement(ElementLocation.java:162)
	at org.openqa.selenium.remote.ElementLocation.findElement(ElementLocation.java:66)
	at org.openqa.selenium.remote.RemoteWebDriver.findElement(RemoteWebDriver.java:365)
	at org.openqa.selenium.remote.RemoteWebDriver.findElement(RemoteWebDriver.java:357)
	at org.openqa.selenium.support.pagefactory.DefaultElementLocator.findElement(DefaultElementLocator.java:70)
	at org.openqa.selenium.support.pagefactory.internal.LocatingElementHandler.invoke(LocatingElementHandler.java:39)
	at com.sun.proxy.$Proxy23.sendKeys(Unknown Source)
	at stepdefinitions.AmazonStepdefinitions.amazonAramaKutusunaYazipAratir(AmazonStepdefinitions.java:77)
	at ✽.amazon arama kutusuna "Samsung" yazip aratir(file:///C:/Users/emrah/OneDrive/Masaüstü/com.team105Cucumber/src/test/resources/features/US1004_BackgroundKullanimi.feature:24)
]]>
        </failure>
    </testcase>
</testsuite>
